<?xml version="1.0" encoding="utf-8"?><testsuites name="pytest tests"><testsuite name="pytest" errors="0" failures="0" skipped="0" tests="41" time="2.717" timestamp="2026-04-17T03:09:02.610097+00:00" hostname="codespaces-f06c8c"><testcase classname="tests.test_notebook" name="test_list_image_paths_for_group_nonempty[train-cat-returns-nonempty-paths]" time="0.005" /><testcase classname="tests.test_notebook" name="test_list_image_paths_for_group_nonempty[test-dog-returns-nonempty-paths]" time="0.005" /><testcase classname="tests.test_notebook" name="test_inspect_image_file_exact_values[test/cat/cat_0009.jpg-64-64-0.657925]" time="0.031" /><testcase classname="tests.test_notebook" name="test_inspect_image_file_exact_values[test/cat/cat_0010.jpg-64-64-0.454074]" time="0.007" /><testcase classname="tests.test_notebook" name="test_inspect_image_file_exact_values[test/dog/dog_0009.jpg-64-64-0.274566]" time="0.003" /><testcase classname="tests.test_notebook" name="test_inspect_image_file_exact_values[test/dog/dog_0010.jpg-64-64-0.537693]" time="0.004" /><testcase classname="tests.test_notebook" name="test_build_and_load_metadata" time="0.054" /><testcase classname="tests.test_notebook" name="test_load_metadata_table_dtypes[width-i]" time="0.003" /><testcase classname="tests.test_notebook" name="test_load_metadata_table_dtypes[mean_intensity-f]" time="0.012" /><testcase classname="tests.test_notebook" name="test_summarize_metadata_keys[summary-contains-rows-key]" time="0.012" /><testcase classname="tests.test_notebook" name="test_summarize_metadata_keys[summary-contains-columns-key]" time="0.009" /><testcase classname="tests.test_notebook" name="test_summarize_metadata_keys[summary-contains-class-counts-key]" time="0.008" /><testcase classname="tests.test_notebook" name="test_summarize_metadata_keys[summary-contains-split-counts-key]" time="0.005" /><testcase classname="tests.test_notebook" name="test_summarize_metadata_values[class-counts-and-split-counts-cover-all-groups]" time="0.006" /><testcase classname="tests.test_notebook" name="test_summarize_metadata_exact_values" time="0.004" /><testcase classname="tests.test_notebook" name="test_build_label_split_table_structure[labels-are-index-splits-are-columns]" time="0.009" /><testcase classname="tests.test_notebook" name="test_build_label_split_table_counts[cat-train-cell-matches-raw-count]" time="0.018" /><testcase classname="tests.test_notebook" name="test_build_label_split_table_counts[dog-test-cell-matches-raw-count]" time="0.015" /><testcase classname="tests.test_notebook" name="test_audit_metadata_keys[audit-contains-missing-values-key]" time="0.022" /><testcase classname="tests.test_notebook" name="test_audit_metadata_keys[audit-contains-duplicate-filepaths-key]" time="0.017" /><testcase classname="tests.test_notebook" name="test_audit_metadata_keys[audit-contains-bad-labels-key]" time="0.017" /><testcase classname="tests.test_notebook" name="test_audit_metadata_keys[audit-contains-non-positive-sizes-key]" time="0.015" /><testcase classname="tests.test_notebook" name="test_audit_metadata_bad_labels[injected-bad-label-is-flagged]" time="0.004" /><testcase classname="tests.test_notebook" name="test_audit_metadata_bad_labels[clean-dataframe-has-no-bad-labels]" time="0.005" /><testcase classname="tests.test_notebook" name="test_audit_metadata_missing_values" time="0.008" /><testcase classname="tests.test_notebook" name="test_audit_metadata_duplicate_filepaths" time="0.010" /><testcase classname="tests.test_notebook" name="test_audit_metadata_non_positive_sizes" time="0.003" /><testcase classname="tests.test_notebook" name="test_add_analysis_columns_present[pixel-count-column-added]" time="0.011" /><testcase classname="tests.test_notebook" name="test_add_analysis_columns_present[aspect-ratio-column-added]" time="0.034" /><testcase classname="tests.test_notebook" name="test_add_analysis_columns_present[brightness-band-column-added]" time="0.036" /><testcase classname="tests.test_notebook" name="test_add_analysis_columns_present[size-bucket-column-added]" time="0.021" /><testcase classname="tests.test_notebook" name="test_add_analysis_columns_exact_values" time="0.018" /><testcase classname="tests.test_notebook" name="test_add_analysis_columns_brightness_band" time="0.016" /><testcase classname="tests.test_notebook" name="test_add_analysis_columns_size_bucket" time="0.012" /><testcase classname="tests.test_notebook" name="test_build_split_characteristics_table_structure[splits-are-index-numeric-summary-columns]" time="0.026" /><testcase classname="tests.test_notebook" name="test_build_split_characteristics_table_values[train-width-mean-matches-groupby-result]" time="0.016" /><testcase classname="tests.test_notebook" name="test_build_split_characteristics_table_values[val-brightness-mean-matches-groupby-result]" time="0.020" /><testcase classname="tests.test_notebook" name="test_sample_balanced_shape[n=1-shape-respects-small-groups]" time="0.019" /><testcase classname="tests.test_notebook" name="test_sample_balanced_shape[n=5-shape-respects-small-groups]" time="0.020" /><testcase classname="tests.test_notebook" name="test_sample_balanced_per_group_counts[n=1-each-group-respects-limit]" time="0.034" /><testcase classname="tests.test_notebook" name="test_sample_balanced_per_group_counts[n=5-each-group-respects-limit]" time="0.045" /></testsuite></testsuites>